# JRE version: OpenJDK Runtime Environment Temurin-21.0.4+7 (21.0.4+7) (build 21.0.4+7-LTS)
# Java VM: OpenJDK 64-Bit Server VM Temurin-21.0.4+7 (21.0.4+7-LTS, mixed mode, emulated-client, tiered, compressed oops, compressed class ptrs, g1 gc, windows-amd64)
GC Precious Log:
 CardTable entry size: 512
 Card Set container configuration: InlinePtr #cards 4 size 8 Array Of Cards #cards 32 size 80 Howl #buckets 8 coarsen threshold 7372 Howl Bitmap #cards 1024 size 144 coarsen threshold 921 Card regions per heap region 1 cards per card region 8192
 CPUs: 16 total, 16 available
 Memory: 31962M
 Large Page Support: Disabled
 NUMA Support: Disabled
 Compressed Oops: Enabled (Zero based)
 Heap Region Size: 4M
 Heap Min Capacity: 8M
 Heap Initial Capacity: 500M
 Heap Max Capacity: 7992M
 Pre-touch: Disabled
 Parallel Workers: 13
 Concurrent Workers: 3
 Concurrent Refinement Workers: 13
 Periodic GC: Disabled
Heap:
 garbage-first heap   total 299008K, used 29806K [0x000000060c800000, 0x0000000800000000)
  region size 4096K, 3 young (12288K), 1 survivors (4096K)
 Metaspace       used 71297K, committed 72000K, reserved 1114112K
  class space    used 9383K, committed 9664K, reserved 1048576K
GC Heap History (20 events):
Event: 0.704 GC heap before
{Heap before GC invocations=6 (full 0):
 garbage-first heap   total 45056K, used 22467K [0x000000060c800000, 0x0000000800000000)
  region size 4096K, 5 young (20480K), 1 survivors (4096K)
 Metaspace       used 26735K, committed 27136K, reserved 1114112K
  class space    used 2965K, committed 3136K, reserved 1048576K
}
Event: 0.704 GC heap after
{Heap after GC invocations=7 (full 0):
 garbage-first heap   total 45056K, used 10823K [0x000000060c800000, 0x0000000800000000)
  region size 4096K, 1 young (4096K), 1 survivors (4096K)
 Metaspace       used 26735K, committed 27136K, reserved 1114112K
  class space    used 2965K, committed 3136K, reserved 1048576K
}
Event: 0.738 GC heap before
{Heap before GC invocations=7 (full 0):
 garbage-first heap   total 45056K, used 31303K [0x000000060c800000, 0x0000000800000000)
  region size 4096K, 6 young (24576K), 1 survivors (4096K)
 Metaspace       used 28790K, committed 29120K, reserved 1114112K
  class space    used 3214K, committed 3328K, reserved 1048576K
}
Event: 0.740 GC heap after
{Heap after GC invocations=8 (full 0):
 garbage-first heap   total 278528K, used 11510K [0x000000060c800000, 0x0000000800000000)
  region size 4096K, 1 young (4096K), 1 survivors (4096K)
 Metaspace       used 28790K, committed 29120K, reserved 1114112K
  class space    used 3214K, committed 3328K, reserved 1048576K
}
Event: 1.084 GC heap before
{Heap before GC invocations=8 (full 0):
 garbage-first heap   total 278528K, used 101622K [0x000000060c800000, 0x0000000800000000)
  region size 4096K, 25 young (102400K), 1 survivors (4096K)
 Metaspace       used 35571K, committed 35968K, reserved 1114112K
  class space    used 4176K, committed 4352K, reserved 1048576K
}
Event: 1.087 GC heap after
{Heap after GC invocations=9 (full 0):
 garbage-first heap   total 278528K, used 15358K [0x000000060c800000, 0x0000000800000000)
  region size 4096K, 2 young (8192K), 2 survivors (8192K)
 Metaspace       used 35571K, committed 35968K, reserved 1114112K
  class space    used 4176K, committed 4352K, reserved 1048576K
}
Event: 1.246 GC heap before
{Heap before GC invocations=10 (full 0):
 garbage-first heap   total 69632K, used 48126K [0x000000060c800000, 0x0000000800000000)
  region size 4096K, 10 young (40960K), 2 survivors (8192K)
 Metaspace       used 38051K, committed 38528K, reserved 1114112K
  class space    used 4567K, committed 4800K, reserved 1048576K
}
Event: 1.249 GC heap after
{Heap after GC invocations=11 (full 0):
 garbage-first heap   total 69632K, used 17084K [0x000000060c800000, 0x0000000800000000)
  region size 4096K, 2 young (8192K), 2 survivors (8192K)
 Metaspace       used 38051K, committed 38528K, reserved 1114112K
  class space    used 4567K, committed 4800K, reserved 1048576K
}
Event: 1.388 GC heap before
{Heap before GC invocations=11 (full 0):
 garbage-first heap   total 69632K, used 49852K [0x000000060c800000, 0x0000000800000000)
  region size 4096K, 10 young (40960K), 2 survivors (8192K)
 Metaspace       used 40963K, committed 41472K, reserved 1114112K
  class space    used 4960K, committed 5184K, reserved 1048576K
}
Event: 1.391 GC heap after
{Heap after GC invocations=12 (full 0):
 garbage-first heap   total 69632K, used 18377K [0x000000060c800000, 0x0000000800000000)
  region size 4096K, 1 young (4096K), 1 survivors (4096K)
 Metaspace       used 40963K, committed 41472K, reserved 1114112K
  class space    used 4960K, committed 5184K, reserved 1048576K
}
Event: 1.519 GC heap before
{Heap before GC invocations=12 (full 0):
 garbage-first heap   total 69632K, used 51145K [0x000000060c800000, 0x0000000800000000)
  region size 4096K, 10 young (40960K), 1 survivors (4096K)
 Metaspace       used 44027K, committed 44608K, reserved 1114112K
  class space    used 5379K, committed 5632K, reserved 1048576K
}
Event: 1.520 GC heap after
{Heap after GC invocations=13 (full 0):
 garbage-first heap   total 290816K, used 19302K [0x000000060c800000, 0x0000000800000000)
  region size 4096K, 2 young (8192K), 2 survivors (8192K)
 Metaspace       used 44027K, committed 44608K, reserved 1114112K
  class space    used 5379K, committed 5632K, reserved 1048576K
}
Event: 2.134 GC heap before
{Heap before GC invocations=13 (full 0):
 garbage-first heap   total 290816K, used 174950K [0x000000060c800000, 0x0000000800000000)
  region size 4096K, 42 young (172032K), 2 survivors (8192K)
 Metaspace       used 59488K, committed 60096K, reserved 1114112K
  class space    used 7478K, committed 7744K, reserved 1048576K
}
Event: 2.137 GC heap after
{Heap after GC invocations=14 (full 0):
 garbage-first heap   total 290816K, used 22636K [0x000000060c800000, 0x0000000800000000)
  region size 4096K, 2 young (8192K), 2 survivors (8192K)
 Metaspace       used 59488K, committed 60096K, reserved 1114112K
  class space    used 7478K, committed 7744K, reserved 1048576K
}
Event: 2.302 GC heap before
{Heap before GC invocations=15 (full 0):
 garbage-first heap   total 81920K, used 63596K [0x000000060c800000, 0x0000000800000000)
  region size 4096K, 12 young (49152K), 2 survivors (8192K)
 Metaspace       used 63426K, committed 64064K, reserved 1114112K
  class space    used 8281K, committed 8576K, reserved 1048576K
}
Event: 2.305 GC heap after
{Heap after GC invocations=16 (full 0):
 garbage-first heap   total 81920K, used 23195K [0x000000060c800000, 0x0000000800000000)
  region size 4096K, 2 young (8192K), 2 survivors (8192K)
 Metaspace       used 63426K, committed 64064K, reserved 1114112K
  class space    used 8281K, committed 8576K, reserved 1048576K
}
Event: 2.457 GC heap before
{Heap before GC invocations=16 (full 0):
 garbage-first heap   total 81920K, used 60059K [0x000000060c800000, 0x0000000800000000)
  region size 4096K, 12 young (49152K), 2 survivors (8192K)
 Metaspace       used 67085K, committed 67776K, reserved 1114112K
  class space    used 8846K, committed 9152K, reserved 1048576K
}
Event: 2.459 GC heap after
{Heap after GC invocations=17 (full 0):
 garbage-first heap   total 81920K, used 23717K [0x000000060c800000, 0x0000000800000000)
  region size 4096K, 2 young (8192K), 2 survivors (8192K)
 Metaspace       used 67085K, committed 67776K, reserved 1114112K
  class space    used 8846K, committed 9152K, reserved 1048576K
}
Event: 2.655 GC heap before
{Heap before GC invocations=17 (full 0):
 garbage-first heap   total 81920K, used 64677K [0x000000060c800000, 0x0000000800000000)
  region size 4096K, 12 young (49152K), 2 survivors (8192K)
 Metaspace       used 70941K, committed 71616K, reserved 1114112K
  class space    used 9323K, committed 9600K, reserved 1048576K
}
Event: 2.658 GC heap after
{Heap after GC invocations=18 (full 0):
 garbage-first heap   total 299008K, used 25710K [0x000000060c800000, 0x0000000800000000)
  region size 4096K, 1 young (4096K), 1 survivors (4096K)
 Metaspace       used 70941K, committed 71616K, reserved 1114112K
  class space    used 9323K, committed 9600K, reserved 1048576K
}

